[2024-12-31 11:33:29 INFO background-preinit] [org.hibernate.validator.internal.util.Version] HV000001: Hibernate Validator 8.0.1.Final
[2024-12-31 11:33:29 INFO Test worker] [com.green.greengram.feed.like.FeedLikeMapperTest] Starting FeedLikeMapperTest using Java 17.0.13 with PID 10252 (started by Administrator in D:\jju\GreenGramTdd)
[2024-12-31 11:33:29 INFO Test worker] [com.green.greengram.feed.like.FeedLikeMapperTest] The following 1 profile is active: "test"
[2024-12-31 11:33:29 INFO Test worker] [com.zaxxer.hikari.HikariDataSource] HikariPool-1 - Starting...
[2024-12-31 11:33:29 INFO Test worker] [com.zaxxer.hikari.pool.HikariPool] HikariPool-1 - Added connection net.sf.log4jdbc.sql.jdbcapi.ConnectionSpy@3be3e76c
[2024-12-31 11:33:29 INFO Test worker] [com.zaxxer.hikari.HikariDataSource] HikariPool-1 - Start completed.
[2024-12-31 11:33:29 DEBUGTest worker] [jdbc.sqltiming]  com.zaxxer.hikari.pool.ProxyStatement.execute(ProxyStatement.java:94)
1. CREATE DATABASE IF NOT EXISTS `greengram_ver3_test`
 {executed in 0 msec}
[2024-12-31 11:33:29 DEBUGTest worker] [jdbc.sqltiming]  com.zaxxer.hikari.pool.ProxyStatement.execute(ProxyStatement.java:94)
1. USE `greengram_ver3_test`
 {executed in 0 msec}
[2024-12-31 11:33:29 DEBUGTest worker] [jdbc.sqltiming]  com.zaxxer.hikari.pool.ProxyStatement.execute(ProxyStatement.java:94)
1. DROP TABLE IF EXISTS `feed_pic`
 {executed in 9 msec}
[2024-12-31 11:33:29 DEBUGTest worker] [jdbc.sqltiming]  com.zaxxer.hikari.pool.ProxyStatement.execute(ProxyStatement.java:94)
1. DROP TABLE IF EXISTS `feed_like`
 {executed in 9 msec}
[2024-12-31 11:33:29 DEBUGTest worker] [jdbc.sqltiming]  com.zaxxer.hikari.pool.ProxyStatement.execute(ProxyStatement.java:94)
1. DROP TABLE IF EXISTS `feed_comment`
 {executed in 10 msec}
[2024-12-31 11:33:29 DEBUGTest worker] [jdbc.sqltiming]  com.zaxxer.hikari.pool.ProxyStatement.execute(ProxyStatement.java:94)
1. DROP TABLE IF EXISTS `feed`
 {executed in 11 msec}
[2024-12-31 11:33:29 DEBUGTest worker] [jdbc.sqltiming]  com.zaxxer.hikari.pool.ProxyStatement.execute(ProxyStatement.java:94)
1. DROP TABLE IF EXISTS `user_follow`
 {executed in 14 msec}
[2024-12-31 11:33:30 DEBUGTest worker] [jdbc.sqltiming]  com.zaxxer.hikari.pool.ProxyStatement.execute(ProxyStatement.java:94)
1. DROP TABLE IF EXISTS `user`
 {executed in 10 msec}
[2024-12-31 11:33:30 DEBUGTest worker] [jdbc.sqltiming]  com.zaxxer.hikari.pool.ProxyStatement.execute(ProxyStatement.java:94)
1. CREATE TABLE `user` ( `user_id` bigint(20) NOT NULL AUTO_INCREMENT, `uid` varchar(30) NOT NULL, `upw` varchar(100) NOT NULL, `nick_name` varchar(30) DEFAULT NULL, `pic` varchar(50) DEFAULT NULL, `created_at` datetime NOT NULL DEFAULT current_timestamp(), `updated_at` datetime DEFAULT NULL ON UPDATE current_timestamp(), PRIMARY KEY (`user_id`), UNIQUE KEY `uid` (`uid`) )
 {executed in 14 msec}
[2024-12-31 11:33:30 DEBUGTest worker] [jdbc.sqltiming]  com.zaxxer.hikari.pool.ProxyStatement.execute(ProxyStatement.java:94)
1. CREATE TABLE `user_follow` ( `from_user_id` bigint(20) NOT NULL, `to_user_id` bigint(20) NOT NULL, `created_at` datetime NOT NULL DEFAULT current_timestamp(), PRIMARY KEY (`from_user_id`,`to_user_id`), KEY `to_user_id` (`to_user_id`), CONSTRAINT `user_follow_ibfk_1` FOREIGN KEY (`from_user_id`) REFERENCES `user` (`user_id`) ON DELETE CASCADE, CONSTRAINT `user_follow_ibfk_2` FOREIGN KEY (`to_user_id`) REFERENCES `user` (`user_id`) ON DELETE CASCADE, CONSTRAINT `CONSTRAINT_1` CHECK (`from_user_id` <> `to_user_id`) )
 {executed in 11 msec}
[2024-12-31 11:33:30 DEBUGTest worker] [jdbc.sqltiming]  com.zaxxer.hikari.pool.ProxyStatement.execute(ProxyStatement.java:94)
1. CREATE TABLE `feed` ( `feed_id` bigint(20) NOT NULL AUTO_INCREMENT, `writer_user_id` bigint(20) NOT NULL, `contents` varchar(1000) DEFAULT NULL, `location` varchar(30) DEFAULT NULL, `created_at` datetime NOT NULL DEFAULT current_timestamp(), `updated_at` datetime DEFAULT NULL ON UPDATE current_timestamp(), PRIMARY KEY (`feed_id`), KEY `FK_FEED_writer_user_id` (`writer_user_id`), CONSTRAINT `FK_FEED_writer_user_id` FOREIGN KEY (`writer_user_id`) REFERENCES `user` (`user_id`) ON DELETE CASCADE )
 {executed in 12 msec}
[2024-12-31 11:33:30 DEBUGTest worker] [jdbc.sqltiming]  com.zaxxer.hikari.pool.ProxyStatement.execute(ProxyStatement.java:94)
1. CREATE TABLE `feed_comment` ( `feed_comment_id` bigint(20) NOT NULL AUTO_INCREMENT, `feed_id` bigint(20) NOT NULL, `user_id` bigint(20) NOT NULL, `COMMENT` varchar(150) NOT NULL, `created_at` datetime NOT NULL DEFAULT current_timestamp(), `updated_at` datetime DEFAULT NULL ON UPDATE current_timestamp(), PRIMARY KEY (`feed_comment_id`), KEY `feed_id` (`feed_id`), KEY `user_id` (`user_id`), CONSTRAINT `feed_comment_ibfk_1` FOREIGN KEY (`feed_id`) REFERENCES `feed` (`feed_id`) ON DELETE CASCADE, CONSTRAINT `feed_comment_ibfk_2` FOREIGN KEY (`user_id`) REFERENCES `user` (`user_id`) ON DELETE CASCADE )
 {executed in 11 msec}
[2024-12-31 11:33:30 DEBUGTest worker] [jdbc.sqltiming]  com.zaxxer.hikari.pool.ProxyStatement.execute(ProxyStatement.java:94)
1. CREATE TABLE `feed_like` ( `feed_id` bigint(20) NOT NULL, `user_id` bigint(20) NOT NULL, `created_at` datetime NOT NULL DEFAULT current_timestamp(), PRIMARY KEY (`feed_id`,`user_id`), KEY `user_id` (`user_id`), CONSTRAINT `feed_like_ibfk_1` FOREIGN KEY (`feed_id`) REFERENCES `feed` (`feed_id`) ON DELETE CASCADE, CONSTRAINT `feed_like_ibfk_2` FOREIGN KEY (`user_id`) REFERENCES `user` (`user_id`) ON DELETE CASCADE )
 {executed in 13 msec}
[2024-12-31 11:33:30 DEBUGTest worker] [jdbc.sqltiming]  com.zaxxer.hikari.pool.ProxyStatement.execute(ProxyStatement.java:94)
1. CREATE TABLE `feed_pic` ( `feed_id` bigint(20) NOT NULL, `pic` varchar(50) NOT NULL, `created_at` datetime NOT NULL DEFAULT current_timestamp(), PRIMARY KEY (`feed_id`,`pic`), CONSTRAINT `feed_pic_ibfk_1` FOREIGN KEY (`feed_id`) REFERENCES `feed` (`feed_id`) ON DELETE CASCADE )
 {executed in 9 msec}
[2024-12-31 11:33:30 DEBUGTest worker] [jdbc.sqltiming]  com.zaxxer.hikari.pool.ProxyStatement.execute(ProxyStatement.java:94)
1. INSERT INTO `user` (`user_id`, `uid`, `upw`, `nick_name`, `pic`, `created_at`) VALUES (1, 'mic', '$2a$10$cVRpfytmEdzvs1I4oqqRXOWUleJHm6xKjOnHqA3EEJ5.Q0cAtbhte', '홍길동', NULL, '2024-11-01 10:10:01'), (2, 'jacob', '$2a$10$cVRpfytmEdzvs1I4oqqRXOWUleJHm6xKjOnHqA3EEJ5.Q0cAtbhte', '제이콥', NULL, '2024-11-01 10:10:02')
 {executed in 2 msec}
[2024-12-31 11:33:30 DEBUGTest worker] [jdbc.sqltiming]  com.zaxxer.hikari.pool.ProxyStatement.execute(ProxyStatement.java:94)
1. INSERT INTO `feed` (`feed_id`, `writer_user_id`, `contents`, `location`, `created_at`, `updated_at`) VALUES (1, 1, '1번 글', '1번 위치', '2024-11-01 10:10:01', NULL), (2, 2, '2번 글', '2번 위치', '2024-11-01 10:10:02', NULL), (3, 1, '3번 글', '3번 위치', '2024-11-01 10:10:03', NULL), (4, 2, '4번 글', '4번 위치', '2024-11-01 10:10:04', NULL), (5, 1, '5번 글', '5번 위치', '2024-11-01 10:10:05', NULL)
 {executed in 2 msec}
[2024-12-31 11:33:30 DEBUGTest worker] [jdbc.sqltiming]  com.zaxxer.hikari.pool.ProxyStatement.execute(ProxyStatement.java:94)
1. INSERT INTO `feed_like` (`feed_id`, `user_id`, `created_at`) VALUES (1, 2, '2024-11-01 10:10:01'), (2, 1, '2024-11-01 10:10:02'), (3, 2, '2024-11-01 10:10:03')
 {executed in 1 msec}
[2024-12-31 11:33:30 DEBUGTest worker] [jdbc.sqltiming]  com.zaxxer.hikari.pool.ProxyStatement.execute(ProxyStatement.java:94)
1. INSERT INTO `feed_comment` (`feed_comment_id`, `feed_id`, `user_id`, `COMMENT`, `created_at`) VALUES (1, 1, 1, '1번 댓글', '2024-11-01 10:10:01'), (2, 2, 2, '2번 댓글', '2024-11-01 10:10:02'), (3, 3, 1, '3번 댓글', '2024-11-01 10:10:03'), (4, 4, 2, '4번 댓글', '2024-11-01 10:10:04'), (5, 5, 1, '5번 댓글', '2024-11-01 10:10:05'), (6, 1, 2, '6번 댓글', '2024-11-01 10:10:06')
 {executed in 2 msec}
[2024-12-31 11:33:30 INFO Test worker] [com.green.greengram.feed.like.FeedLikeMapperTest] Started FeedLikeMapperTest in 1.281 seconds (process running for 2.301)
[2024-12-31 11:33:30 DEBUGTest worker] [jdbc.sqltiming]  com.zaxxer.hikari.pool.ProxyPreparedStatement.execute(ProxyPreparedStatement.java:44)
1. INSERT INTO feed_like
           SET feed_id = 5
             , user_id = 2
 {executed in 0 msec}
[2024-12-31 11:33:30 DEBUGTest worker] [jdbc.sqltiming]  com.zaxxer.hikari.pool.ProxyPreparedStatement.execute(ProxyPreparedStatement.java:44)
1. DELETE FROM feed_like
         WHERE feed_id = 5
           AND user_id = 2
 {executed in 0 msec}
[2024-12-31 11:33:30 DEBUGTest worker] [jdbc.sqltiming]  com.zaxxer.hikari.pool.ProxyPreparedStatement.execute(ProxyPreparedStatement.java:44)
1. DELETE FROM feed_like
         WHERE feed_id = 1
           AND user_id = 2
 {executed in 1 msec}
[2024-12-31 11:33:30 WARN Test worker] [org.mariadb.jdbc.message.server.ErrorPacket] Error: 1062-23000: Duplicate entry '1-2' for key 'PRIMARY'
[2024-12-31 11:33:30 ERRORTest worker] [jdbc.sqltiming]  com.zaxxer.hikari.pool.ProxyPreparedStatement.execute(ProxyPreparedStatement.java:44)
1. INSERT INTO feed_like
           SET feed_id = 1
             , user_id = 2
 {FAILED after 1 msec}
java.sql.SQLIntegrityConstraintViolationException: (conn=15) Duplicate entry '1-2' for key 'PRIMARY'
	at org.mariadb.jdbc.export.ExceptionFactory.createException(ExceptionFactory.java:297)
	at org.mariadb.jdbc.export.ExceptionFactory.create(ExceptionFactory.java:378)
	at org.mariadb.jdbc.message.ClientMessage.readPacket(ClientMessage.java:172)
	at org.mariadb.jdbc.client.impl.StandardClient.readPacket(StandardClient.java:915)
	at org.mariadb.jdbc.client.impl.StandardClient.readResults(StandardClient.java:854)
	at org.mariadb.jdbc.client.impl.StandardClient.readResponse(StandardClient.java:773)
	at org.mariadb.jdbc.client.impl.StandardClient.execute(StandardClient.java:697)
	at org.mariadb.jdbc.ClientPreparedStatement.executeInternal(ClientPreparedStatement.java:93)
	at org.mariadb.jdbc.ClientPreparedStatement.execute(ClientPreparedStatement.java:276)
	at net.sf.log4jdbc.sql.jdbcapi.PreparedStatementSpy.execute(PreparedStatementSpy.java:443)
	at com.zaxxer.hikari.pool.ProxyPreparedStatement.execute(ProxyPreparedStatement.java:44)
	at com.zaxxer.hikari.pool.HikariProxyPreparedStatement.execute(HikariProxyPreparedStatement.java)
	at org.apache.ibatis.executor.statement.PreparedStatementHandler.update(PreparedStatementHandler.java:48)
	at org.apache.ibatis.executor.statement.RoutingStatementHandler.update(RoutingStatementHandler.java:75)
	at org.apache.ibatis.executor.SimpleExecutor.doUpdate(SimpleExecutor.java:50)
	at org.apache.ibatis.executor.BaseExecutor.update(BaseExecutor.java:117)
	at org.apache.ibatis.executor.CachingExecutor.update(CachingExecutor.java:76)
	at org.apache.ibatis.session.defaults.DefaultSqlSession.update(DefaultSqlSession.java:197)
	at org.apache.ibatis.session.defaults.DefaultSqlSession.insert(DefaultSqlSession.java:184)
	at java.base/jdk.internal.reflect.NativeMethodAccessorImpl.invoke0(Native Method)
	at java.base/jdk.internal.reflect.NativeMethodAccessorImpl.invoke(NativeMethodAccessorImpl.java:77)
	at java.base/jdk.internal.reflect.DelegatingMethodAccessorImpl.invoke(DelegatingMethodAccessorImpl.java:43)
	at java.base/java.lang.reflect.Method.invoke(Method.java:569)
	at org.mybatis.spring.SqlSessionTemplate$SqlSessionInterceptor.invoke(SqlSessionTemplate.java:425)
	at jdk.proxy3/jdk.proxy3.$Proxy83.insert(Unknown Source)
	at org.mybatis.spring.SqlSessionTemplate.insert(SqlSessionTemplate.java:272)
	at org.apache.ibatis.binding.MapperMethod.execute(MapperMethod.java:62)
	at org.apache.ibatis.binding.MapperProxy$PlainMethodInvoker.invoke(MapperProxy.java:141)
	at org.apache.ibatis.binding.MapperProxy.invoke(MapperProxy.java:86)
	at jdk.proxy3/jdk.proxy3.$Proxy86.insFeedLike(Unknown Source)
	at com.green.greengram.feed.like.FeedLikeMapperTest.lambda$insFeedLikeDuplicateDataThrowDuplicateKeyException$0(FeedLikeMapperTest.java:64)
	at org.junit.jupiter.api.AssertThrows.assertThrows(AssertThrows.java:53)
	at org.junit.jupiter.api.AssertThrows.assertThrows(AssertThrows.java:39)
	at org.junit.jupiter.api.Assertions.assertThrows(Assertions.java:3131)
	at com.green.greengram.feed.like.FeedLikeMapperTest.insFeedLikeDuplicateDataThrowDuplicateKeyException(FeedLikeMapperTest.java:63)
	at java.base/jdk.internal.reflect.NativeMethodAccessorImpl.invoke0(Native Method)
	at java.base/jdk.internal.reflect.NativeMethodAccessorImpl.invoke(NativeMethodAccessorImpl.java:77)
	at java.base/jdk.internal.reflect.DelegatingMethodAccessorImpl.invoke(DelegatingMethodAccessorImpl.java:43)
	at java.base/java.lang.reflect.Method.invoke(Method.java:569)
	at org.junit.platform.commons.util.ReflectionUtils.invokeMethod(ReflectionUtils.java:728)
	at org.junit.jupiter.engine.execution.MethodInvocation.proceed(MethodInvocation.java:60)
	at org.junit.jupiter.engine.execution.InvocationInterceptorChain$ValidatingInvocation.proceed(InvocationInterceptorChain.java:131)
	at org.junit.jupiter.engine.extension.TimeoutExtension.intercept(TimeoutExtension.java:156)
	at org.junit.jupiter.engine.extension.TimeoutExtension.interceptTestableMethod(TimeoutExtension.java:147)
	at org.junit.jupiter.engine.extension.TimeoutExtension.interceptTestMethod(TimeoutExtension.java:86)
	at org.junit.jupiter.engine.execution.InterceptingExecutableInvoker$ReflectiveInterceptorCall.lambda$ofVoidMethod$0(InterceptingExecutableInvoker.java:103)
	at org.junit.jupiter.engine.execution.InterceptingExecutableInvoker.lambda$invoke$0(InterceptingExecutableInvoker.java:93)
	at org.junit.jupiter.engine.execution.InvocationInterceptorChain$InterceptedInvocation.proceed(InvocationInterceptorChain.java:106)
	at org.junit.jupiter.engine.execution.InvocationInterceptorChain.proceed(InvocationInterceptorChain.java:64)
	at org.junit.jupiter.engine.execution.InvocationInterceptorChain.chainAndInvoke(InvocationInterceptorChain.java:45)
	at org.junit.jupiter.engine.execution.InvocationInterceptorChain.invoke(InvocationInterceptorChain.java:37)
	at org.junit.jupiter.engine.execution.InterceptingExecutableInvoker.invoke(InterceptingExecutableInvoker.java:92)
	at org.junit.jupiter.engine.execution.InterceptingExecutableInvoker.invoke(InterceptingExecutableInvoker.java:86)
	at org.junit.jupiter.engine.descriptor.TestMethodTestDescriptor.lambda$invokeTestMethod$7(TestMethodTestDescriptor.java:218)
	at org.junit.platform.engine.support.hierarchical.ThrowableCollector.execute(ThrowableCollector.java:73)
	at org.junit.jupiter.engine.descriptor.TestMethodTestDescriptor.invokeTestMethod(TestMethodTestDescriptor.java:214)
	at org.junit.jupiter.engine.descriptor.TestMethodTestDescriptor.execute(TestMethodTestDescriptor.java:139)
	at org.junit.jupiter.engine.descriptor.TestMethodTestDescriptor.execute(TestMethodTestDescriptor.java:69)
	at org.junit.platform.engine.support.hierarchical.NodeTestTask.lambda$executeRecursively$6(NodeTestTask.java:156)
	at org.junit.platform.engine.support.hierarchical.ThrowableCollector.execute(ThrowableCollector.java:73)
	at org.junit.platform.engine.support.hierarchical.NodeTestTask.lambda$executeRecursively$8(NodeTestTask.java:146)
	at org.junit.platform.engine.support.hierarchical.Node.around(Node.java:137)
	at org.junit.platform.engine.support.hierarchical.NodeTestTask.lambda$executeRecursively$9(NodeTestTask.java:144)
	at org.junit.platform.engine.support.hierarchical.ThrowableCollector.execute(ThrowableCollector.java:73)
	at org.junit.platform.engine.support.hierarchical.NodeTestTask.executeRecursively(NodeTestTask.java:143)
	at org.junit.platform.engine.support.hierarchical.NodeTestTask.execute(NodeTestTask.java:100)
	at java.base/java.util.ArrayList.forEach(ArrayList.java:1511)
	at org.junit.platform.engine.support.hierarchical.SameThreadHierarchicalTestExecutorService.invokeAll(SameThreadHierarchicalTestExecutorService.java:41)
	at org.junit.platform.engine.support.hierarchical.NodeTestTask.lambda$executeRecursively$6(NodeTestTask.java:160)
	at org.junit.platform.engine.support.hierarchical.ThrowableCollector.execute(ThrowableCollector.java:73)
	at org.junit.platform.engine.support.hierarchical.NodeTestTask.lambda$executeRecursively$8(NodeTestTask.java:146)
	at org.junit.platform.engine.support.hierarchical.Node.around(Node.java:137)
	at org.junit.platform.engine.support.hierarchical.NodeTestTask.lambda$executeRecursively$9(NodeTestTask.java:144)
	at org.junit.platform.engine.support.hierarchical.ThrowableCollector.execute(ThrowableCollector.java:73)
	at org.junit.platform.engine.support.hierarchical.NodeTestTask.executeRecursively(NodeTestTask.java:143)
	at org.junit.platform.engine.support.hierarchical.NodeTestTask.execute(NodeTestTask.java:100)
	at java.base/java.util.ArrayList.forEach(ArrayList.java:1511)
	at org.junit.platform.engine.support.hierarchical.SameThreadHierarchicalTestExecutorService.invokeAll(SameThreadHierarchicalTestExecutorService.java:41)
	at org.junit.platform.engine.support.hierarchical.NodeTestTask.lambda$executeRecursively$6(NodeTestTask.java:160)
	at org.junit.platform.engine.support.hierarchical.ThrowableCollector.execute(ThrowableCollector.java:73)
	at org.junit.platform.engine.support.hierarchical.NodeTestTask.lambda$executeRecursively$8(NodeTestTask.java:146)
	at org.junit.platform.engine.support.hierarchical.Node.around(Node.java:137)
	at org.junit.platform.engine.support.hierarchical.NodeTestTask.lambda$executeRecursively$9(NodeTestTask.java:144)
	at org.junit.platform.engine.support.hierarchical.ThrowableCollector.execute(ThrowableCollector.java:73)
	at org.junit.platform.engine.support.hierarchical.NodeTestTask.executeRecursively(NodeTestTask.java:143)
	at org.junit.platform.engine.support.hierarchical.NodeTestTask.execute(NodeTestTask.java:100)
	at org.junit.platform.engine.support.hierarchical.SameThreadHierarchicalTestExecutorService.submit(SameThreadHierarchicalTestExecutorService.java:35)
	at org.junit.platform.engine.support.hierarchical.HierarchicalTestExecutor.execute(HierarchicalTestExecutor.java:57)
	at org.junit.platform.engine.support.hierarchical.HierarchicalTestEngine.execute(HierarchicalTestEngine.java:54)
	at org.junit.platform.launcher.core.EngineExecutionOrchestrator.execute(EngineExecutionOrchestrator.java:198)
	at org.junit.platform.launcher.core.EngineExecutionOrchestrator.execute(EngineExecutionOrchestrator.java:169)
	at org.junit.platform.launcher.core.EngineExecutionOrchestrator.execute(EngineExecutionOrchestrator.java:93)
	at org.junit.platform.launcher.core.EngineExecutionOrchestrator.lambda$execute$0(EngineExecutionOrchestrator.java:58)
	at org.junit.platform.launcher.core.EngineExecutionOrchestrator.withInterceptedStreams(EngineExecutionOrchestrator.java:141)
	at org.junit.platform.launcher.core.EngineExecutionOrchestrator.execute(EngineExecutionOrchestrator.java:57)
	at org.junit.platform.launcher.core.DefaultLauncher.execute(DefaultLauncher.java:103)
	at org.junit.platform.launcher.core.DefaultLauncher.execute(DefaultLauncher.java:85)
	at org.junit.platform.launcher.core.DelegatingLauncher.execute(DelegatingLauncher.java:47)
	at org.gradle.api.internal.tasks.testing.junitplatform.JUnitPlatformTestClassProcessor$CollectAllTestClassesExecutor.processAllTestClasses(JUnitPlatformTestClassProcessor.java:124)
	at org.gradle.api.internal.tasks.testing.junitplatform.JUnitPlatformTestClassProcessor$CollectAllTestClassesExecutor.access$000(JUnitPlatformTestClassProcessor.java:99)
	at org.gradle.api.internal.tasks.testing.junitplatform.JUnitPlatformTestClassProcessor.stop(JUnitPlatformTestClassProcessor.java:94)
	at org.gradle.api.internal.tasks.testing.SuiteTestClassProcessor.stop(SuiteTestClassProcessor.java:63)
	at java.base/jdk.internal.reflect.NativeMethodAccessorImpl.invoke0(Native Method)
	at java.base/jdk.internal.reflect.NativeMethodAccessorImpl.invoke(NativeMethodAccessorImpl.java:77)
	at java.base/jdk.internal.reflect.DelegatingMethodAccessorImpl.invoke(DelegatingMethodAccessorImpl.java:43)
	at java.base/java.lang.reflect.Method.invoke(Method.java:569)
	at org.gradle.internal.dispatch.ReflectionDispatch.dispatch(ReflectionDispatch.java:36)
	at org.gradle.internal.dispatch.ReflectionDispatch.dispatch(ReflectionDispatch.java:24)
	at org.gradle.internal.dispatch.ContextClassLoaderDispatch.dispatch(ContextClassLoaderDispatch.java:33)
	at org.gradle.internal.dispatch.ProxyDispatchAdapter$DispatchingInvocationHandler.invoke(ProxyDispatchAdapter.java:92)
	at jdk.proxy1/jdk.proxy1.$Proxy4.stop(Unknown Source)
	at org.gradle.api.internal.tasks.testing.worker.TestWorker$3.run(TestWorker.java:200)
	at org.gradle.api.internal.tasks.testing.worker.TestWorker.executeAndMaintainThreadName(TestWorker.java:132)
	at org.gradle.api.internal.tasks.testing.worker.TestWorker.execute(TestWorker.java:103)
	at org.gradle.api.internal.tasks.testing.worker.TestWorker.execute(TestWorker.java:63)
	at org.gradle.process.internal.worker.child.ActionExecutionWorker.execute(ActionExecutionWorker.java:56)
	at org.gradle.process.internal.worker.child.SystemApplicationClassLoaderWorker.call(SystemApplicationClassLoaderWorker.java:121)
	at org.gradle.process.internal.worker.child.SystemApplicationClassLoaderWorker.call(SystemApplicationClassLoaderWorker.java:71)
	at worker.org.gradle.process.internal.worker.GradleWorkerMain.run(GradleWorkerMain.java:69)
	at worker.org.gradle.process.internal.worker.GradleWorkerMain.main(GradleWorkerMain.java:74)
[2024-12-31 11:33:30 INFO SpringApplicationShutdownHook] [com.zaxxer.hikari.HikariDataSource] HikariPool-1 - Shutdown initiated...
[2024-12-31 11:33:30 INFO SpringApplicationShutdownHook] [com.zaxxer.hikari.HikariDataSource] HikariPool-1 - Shutdown completed.
